WARNING:root:comment parameters not defined
WARNING:root:comment parameters not defined
WARNING:root:comment parameters not defined
WARNING:root:comment parameters not defined
WARNING:root:comment parameters not defined
WARNING:root:comment parameters not defined
WARNING:root:comment parameters not defined
WARNING:root:comment parameters not defined
WARNING:root:comment parameters not defined
WARNING:root:comment parameters not defined
WARNING:root:comment parameters not defined
WARNING:root:comment parameters not defined
WARNING:root:comment parameters not defined
WARNING:root:comment parameters not defined
WARNING:root:comment parameters not defined
WARNING:root:comment parameters not defined
WARNING:root:comment parameters not defined
WARNING:root:no data present in the dataset
WARNING:root:no data present in the dataset
WARNING:root:no data present in the dataset
WARNING:root:no data present in the dataset
WARNING:root:no data present in the dataset
WARNING:root:no data present in the dataset
WARNING:root:no data present in the dataset
WARNING:root:no data present in the dataset
WARNING:root:no data present in the dataset
WARNING:root:no data present in the dataset
WARNING:root:no data present in the dataset
WARNING:root:no data present in the dataset
WARNING:root:no data present in the dataset
WARNING:root:no data present in the dataset
WARNING:root:no data present in the dataset
WARNING:root:no data present in the dataset
WARNING:root:no data present in the dataset
WARNING:root:no data present in the dataset
WARNING:root:no data present in the dataset
WARNING:root:no data present in the dataset
WARNING:root:no data present in the dataset
WARNING:root:no data present in the dataset
WARNING:root:no data present in the dataset
WARNING:root:no data present in the dataset
WARNING:root:no data present in the dataset
WARNING:root:no data present in the dataset
WARNING:root:no data present in the dataset
WARNING:root:no data present in the dataset
WARNING:root:no data present in the dataset
WARNING:root:no data present in the dataset
WARNING:root:no data present in the dataset
WARNING:root:no data present in the dataset
WARNING:root:no data present in the dataset
WARNING:root:no data present in the dataset
WARNING:root:no data present in the dataset
WARNING:root:comment parameters not defined
WARNING:root:comment parameters not defined
WARNING:root:comment parameters not defined
WARNING:root:comment parameters not defined
WARNING:root:comment parameters not defined
WARNING:root:comment parameters not defined
WARNING:root:comment parameters not defined
WARNING:root:comment parameters not defined
WARNING:root:comment parameters not defined
WARNING:root:comment parameters not defined
WARNING:root:comment parameters not defined
WARNING:root:comment parameters not defined
WARNING:root:comment parameters not defined
WARNING:root:comment parameters not defined
WARNING:root:comment parameters not defined
WARNING:root:comment parameters not defined
WARNING:root:comment parameters not defined
WARNING:root:comment parameters not defined
WARNING:root:comment parameters not defined
WARNING:root:comment parameters not defined
WARNING:root:comment parameters not defined
WARNING:root:comment parameters not defined
WARNING:root:comment parameters not defined
WARNING:root:comment parameters not defined
WARNING:root:comment parameters not defined
WARNING:root:comment parameters not defined
WARNING:root:comment parameters not defined
WARNING:root:comment parameters not defined
WARNING:root:comment parameters not defined
WARNING:root:comment parameters not defined
WARNING:root:comment parameters not defined
WARNING:root:comment parameters not defined
WARNING:root:comment parameters not defined
WARNING:root:comment parameters not defined
WARNING:root:comment parameters not defined
WARNING:root:comment parameters not defined
WARNING:root:comment parameters not defined
WARNING:root:comment parameters not defined
WARNING:root:comment parameters not defined
WARNING:root:comment parameters not defined
WARNING:root:comment parameters not defined
WARNING:root:no data present in the dataset
WARNING:root:comment parameters not defined
WARNING:root:comment parameters not defined
WARNING:root:comment parameters not defined
WARNING:root:comment parameters not defined
WARNING:root:comment parameters not defined
WARNING:root:comment parameters not defined
WARNING:root:comment parameters not defined
WARNING:root:comment parameters not defined
WARNING:root:comment parameters not defined
WARNING:root:comment parameters not defined
WARNING:root:comment parameters not defined
WARNING:root:comment parameters not defined
WARNING:root:comment parameters not defined
WARNING:root:comment parameters not defined
WARNING:root:comment parameters not defined
WARNING:root:comment parameters not defined
WARNING:root:comment parameters not defined
WARNING:root:no data present for this date in the dataset
WARNING:root:no data present for this date in the dataset
WARNING:root:no data present for this date in the dataset
WARNING:root:no data present for this date in the dataset
WARNING:root:no data present for this date in the dataset
WARNING:root:no data present for this date in the dataset
WARNING:root:no data present for this date in the dataset
WARNING:root:no data present for this date in the dataset
WARNING:root:no data present for this date in the dataset
WARNING:root:no data present for this date in the dataset
WARNING:root:temperature profile missing for BRW_CS-20130513
WARNING:root:temperature profile missing for BRW_CS-20120111B
WARNING:root:temperature profile missing for BRW_CS-20130116A
WARNING:root:temperature profile missing for BRW_CS-20130116B
WARNING:root:salinity profile missing for BRW_CS-20120513A
WARNING:root:temperature profile missing for BRW_CS-20120513B
WARNING:root:salinity profile missing for BRW_CS-20120514
WARNING:root:temperature profile missing for BRW_CS-20120514
WARNING:root:salinity profile missing for BRW_CS-20120515A
WARNING:root:temperature profile missing for BRW_CS-20120515B
WARNING:root:temperature profile missing for BRW_CS-20120515C
WARNING:root:temperature profile missing for BRW_CS-20130513
WARNING:root:temperature profile missing for BRW_CS-20120111B
WARNING:root:temperature profile missing for BRW_CS-20130116A
WARNING:root:temperature profile missing for BRW_CS-20130116B
WARNING:root:salinity profile missing for BRW_CS-20120513A
WARNING:root:temperature profile missing for BRW_CS-20120513B
WARNING:root:salinity profile missing for BRW_CS-20120514
WARNING:root:temperature profile missing for BRW_CS-20120514
WARNING:root:salinity profile missing for BRW_CS-20120515A
WARNING:root:temperature profile missing for BRW_CS-20120515B
WARNING:root:temperature profile missing for BRW_CS-20120515C
WARNING:root:temperature profile missing for BRW_CS-20130513
WARNING:root:temperature profile missing for BRW_CS-20120111B
WARNING:root:temperature profile missing for BRW_CS-20130116A
WARNING:root:temperature profile missing for BRW_CS-20130116B
WARNING:root:salinity profile missing for BRW_CS-20120513A
WARNING:root:temperature profile missing for BRW_CS-20120513B
WARNING:root:salinity profile missing for BRW_CS-20120514
WARNING:root:temperature profile missing for BRW_CS-20120514
WARNING:root:salinity profile missing for BRW_CS-20120515A
WARNING:root:temperature profile missing for BRW_CS-20120515B
WARNING:root:temperature profile missing for BRW_CS-20120515C
WARNING:root:comment parameters not defined
WARNING:root:comment parameters not defined
WARNING:root:comment parameters not defined
WARNING:root:comment parameters not defined
WARNING:root:comment parameters not defined
WARNING:root:comment parameters not defined
WARNING:root:comment parameters not defined
WARNING:root:comment parameters not defined
WARNING:root:comment parameters not defined
WARNING:root:comment parameters not defined
WARNING:root:comment parameters not defined
WARNING:root:comment parameters not defined
WARNING:root:comment parameters not defined
WARNING:root:comment parameters not defined
WARNING:root:comment parameters not defined
WARNING:root:comment parameters not defined
WARNING:root:comment parameters not defined
WARNING:root:no data present for this date in the dataset
WARNING:root:no data present for this date in the dataset
WARNING:root:no data present for this date in the dataset
WARNING:root:no data present for this date in the dataset
WARNING:root:no data present for this date in the dataset
WARNING:root:no data present for this date in the dataset
WARNING:root:no data present for this date in the dataset
WARNING:root:no data present for this date in the dataset
WARNING:root:no data present for this date in the dataset
WARNING:root:no data present for this date in the dataset
WARNING:root:vertical resolution is not the same between the cores
WARNING:root:vertical resolution is not the same between the cores
WARNING:root:vertical resolution is not the same between the cores
WARNING:root:vertical resolution is not the same between the cores
WARNING:root:vertical resolution is not the same between the cores
WARNING:root:vertical resolution is not the same between the cores
WARNING:root:vertical resolution is not the same between the cores
WARNING:root:comment parameters not defined
WARNING:root:comment parameters not defined
WARNING:root:comment parameters not defined
WARNING:root:comment parameters not defined
WARNING:root:comment parameters not defined
WARNING:root:comment parameters not defined
WARNING:root:comment parameters not defined
WARNING:root:comment parameters not defined
WARNING:root:comment parameters not defined
WARNING:root:comment parameters not defined
WARNING:root:comment parameters not defined
WARNING:root:comment parameters not defined
WARNING:root:comment parameters not defined
WARNING:root:comment parameters not defined
WARNING:root:comment parameters not defined
WARNING:root:comment parameters not defined
WARNING:root:comment parameters not defined
WARNING:root:no data present for this date in the dataset
WARNING:root:no data present for this date in the dataset
WARNING:root:no data present for this date in the dataset
WARNING:root:no data present for this date in the dataset
WARNING:root:no data present for this date in the dataset
WARNING:root:no data present for this date in the dataset
WARNING:root:no data present for this date in the dataset
WARNING:root:no data present for this date in the dataset
WARNING:root:no data present for this date in the dataset
WARNING:root:no data present for this date in the dataset
WARNING:root:comment parameters not defined
WARNING:root:comment parameters not defined
WARNING:root:comment parameters not defined
WARNING:root:comment parameters not defined
WARNING:root:comment parameters not defined
WARNING:root:comment parameters not defined
WARNING:root:comment parameters not defined
WARNING:root:comment parameters not defined
WARNING:root:comment parameters not defined
WARNING:root:comment parameters not defined
WARNING:root:comment parameters not defined
WARNING:root:comment parameters not defined
WARNING:root:comment parameters not defined
WARNING:root:comment parameters not defined
WARNING:root:comment parameters not defined
WARNING:root:comment parameters not defined
WARNING:root:comment parameters not defined
WARNING:root:no data present for this date in the dataset
WARNING:root:no data present for this date in the dataset
WARNING:root:no data present for this date in the dataset
WARNING:root:no data present for this date in the dataset
WARNING:root:no data present for this date in the dataset
WARNING:root:no data present for this date in the dataset
WARNING:root:no data present for this date in the dataset
WARNING:root:no data present for this date in the dataset
WARNING:root:no data present for this date in the dataset
WARNING:root:no data present for this date in the dataset
WARNING:root:comment parameters not defined
WARNING:root:comment parameters not defined
WARNING:root:comment parameters not defined
WARNING:root:comment parameters not defined
WARNING:root:comment parameters not defined
WARNING:root:comment parameters not defined
WARNING:root:comment parameters not defined
WARNING:root:comment parameters not defined
WARNING:root:comment parameters not defined
WARNING:root:comment parameters not defined
WARNING:root:comment parameters not defined
WARNING:root:comment parameters not defined
WARNING:root:comment parameters not defined
WARNING:root:comment parameters not defined
WARNING:root:comment parameters not defined
WARNING:root:comment parameters not defined
WARNING:root:comment parameters not defined
WARNING:root:no data present for this date in the dataset
WARNING:root:no data present for this date in the dataset
WARNING:root:no data present for this date in the dataset
WARNING:root:no data present for this date in the dataset
WARNING:root:no data present for this date in the dataset
WARNING:root:no data present for this date in the dataset
WARNING:root:no data present for this date in the dataset
WARNING:root:no data present for this date in the dataset
WARNING:root:no data present for this date in the dataset
WARNING:root:no data present for this date in the dataset
WARNING:root:comment parameters not defined
WARNING:root:comment parameters not defined
WARNING:root:comment parameters not defined
WARNING:root:comment parameters not defined
WARNING:root:comment parameters not defined
WARNING:root:comment parameters not defined
WARNING:root:comment parameters not defined
WARNING:root:comment parameters not defined
WARNING:root:comment parameters not defined
WARNING:root:comment parameters not defined
WARNING:root:comment parameters not defined
WARNING:root:comment parameters not defined
WARNING:root:comment parameters not defined
WARNING:root:comment parameters not defined
WARNING:root:comment parameters not defined
WARNING:root:comment parameters not defined
WARNING:root:comment parameters not defined
WARNING:root:no data present for this date in the dataset
WARNING:root:no data present for this date in the dataset
WARNING:root:no data present for this date in the dataset
WARNING:root:no data present for this date in the dataset
WARNING:root:no data present for this date in the dataset
WARNING:root:no data present for this date in the dataset
WARNING:root:no data present for this date in the dataset
WARNING:root:no data present for this date in the dataset
WARNING:root:no data present for this date in the dataset
WARNING:root:no data present for this date in the dataset
WARNING:root:comment parameters not defined
WARNING:root:comment parameters not defined
WARNING:root:comment parameters not defined
WARNING:root:comment parameters not defined
WARNING:root:comment parameters not defined
WARNING:root:comment parameters not defined
WARNING:root:comment parameters not defined
WARNING:root:comment parameters not defined
WARNING:root:comment parameters not defined
WARNING:root:comment parameters not defined
WARNING:root:comment parameters not defined
WARNING:root:comment parameters not defined
WARNING:root:comment parameters not defined
WARNING:root:comment parameters not defined
WARNING:root:comment parameters not defined
WARNING:root:comment parameters not defined
WARNING:root:comment parameters not defined
WARNING:root:no data present for this date in the dataset
WARNING:root:no data present for this date in the dataset
WARNING:root:no data present for this date in the dataset
WARNING:root:no data present for this date in the dataset
WARNING:root:no data present for this date in the dataset
WARNING:root:no data present for this date in the dataset
WARNING:root:no data present for this date in the dataset
WARNING:root:no data present for this date in the dataset
WARNING:root:no data present for this date in the dataset
WARNING:root:no data present for this date in the dataset
WARNING:root:comment parameters not defined
WARNING:root:comment parameters not defined
WARNING:root:comment parameters not defined
WARNING:root:comment parameters not defined
WARNING:root:comment parameters not defined
WARNING:root:comment parameters not defined
WARNING:root:comment parameters not defined
WARNING:root:comment parameters not defined
WARNING:root:comment parameters not defined
WARNING:root:comment parameters not defined
WARNING:root:comment parameters not defined
WARNING:root:comment parameters not defined
WARNING:root:comment parameters not defined
WARNING:root:comment parameters not defined
WARNING:root:comment parameters not defined
WARNING:root:comment parameters not defined
WARNING:root:comment parameters not defined
WARNING:root:comment parameters not defined
WARNING:root:comment parameters not defined
WARNING:root:comment parameters not defined
WARNING:root:comment parameters not defined
WARNING:root:comment parameters not defined
WARNING:root:comment parameters not defined
WARNING:root:comment parameters not defined
WARNING:root:comment parameters not defined
WARNING:root:comment parameters not defined
WARNING:root:comment parameters not defined
WARNING:root:comment parameters not defined
WARNING:root:comment parameters not defined
WARNING:root:comment parameters not defined
WARNING:root:comment parameters not defined
WARNING:root:comment parameters not defined
WARNING:root:comment parameters not defined
WARNING:root:comment parameters not defined
WARNING:root:comment parameters not defined
WARNING:root:comment parameters not defined
WARNING:root:comment parameters not defined
WARNING:root:comment parameters not defined
WARNING:root:comment parameters not defined
WARNING:root:comment parameters not defined
WARNING:root:comment parameters not defined
WARNING:root:comment parameters not defined
WARNING:root:comment parameters not defined
WARNING:root:comment parameters not defined
WARNING:root:comment parameters not defined
WARNING:root:comment parameters not defined
WARNING:root:comment parameters not defined
WARNING:root:comment parameters not defined
WARNING:root:comment parameters not defined
WARNING:root:comment parameters not defined
WARNING:root:comment parameters not defined
WARNING:root:comment parameters not defined
WARNING:root:comment parameters not defined
WARNING:root:comment parameters not defined
WARNING:root:comment parameters not defined
WARNING:root:comment parameters not defined
WARNING:root:comment parameters not defined
WARNING:root:comment parameters not defined
WARNING:root:comment parameters not defined
WARNING:root:comment parameters not defined
WARNING:root:comment parameters not defined
WARNING:root:comment parameters not defined
WARNING:root:comment parameters not defined
WARNING:root:comment parameters not defined
WARNING:root:comment parameters not defined
WARNING:root:comment parameters not defined
WARNING:root:comment parameters not defined
WARNING:root:comment parameters not defined
WARNING:root:comment parameters not defined
WARNING:root:comment parameters not defined
WARNING:root:comment parameters not defined
WARNING:root:comment parameters not defined
WARNING:root:comment parameters not defined
WARNING:root:comment parameters not defined
WARNING:root:comment parameters not defined
WARNING:root:comment parameters not defined
WARNING:root:comment parameters not defined
WARNING:root:comment parameters not defined
WARNING:root:comment parameters not defined
WARNING:root:comment parameters not defined
WARNING:root:comment parameters not defined
WARNING:root:comment parameters not defined
WARNING:root:comment parameters not defined
WARNING:root:comment parameters not defined
WARNING:root:comment parameters not defined
WARNING:root:comment parameters not defined
WARNING:root:comment parameters not defined
WARNING:root:comment parameters not defined
WARNING:root:comment parameters not defined
WARNING:root:comment parameters not defined
WARNING:root:comment parameters not defined
WARNING:root:comment parameters not defined
WARNING:root:comment parameters not defined
WARNING:root:comment parameters not defined
WARNING:root:comment parameters not defined
WARNING:root:comment parameters not defined
WARNING:root:comment parameters not defined
WARNING:root:comment parameters not defined
WARNING:root:comment parameters not defined
WARNING:root:comment parameters not defined
WARNING:root:comment parameters not defined
WARNING:root:comment parameters not defined
WARNING:root:comment parameters not defined
WARNING:root:comment parameters not defined
WARNING:root:comment parameters not defined
WARNING:root:comment parameters not defined
WARNING:root:comment parameters not defined
WARNING:root:comment parameters not defined
WARNING:root:comment parameters not defined
WARNING:root:comment parameters not defined
WARNING:root:comment parameters not defined
WARNING:root:comment parameters not defined
WARNING:root:comment parameters not defined
WARNING:root:comment parameters not defined
WARNING:root:comment parameters not defined
WARNING:root:comment parameters not defined
WARNING:root:comment parameters not defined
WARNING:root:comment parameters not defined
WARNING:root:comment parameters not defined
WARNING:root:comment parameters not defined
WARNING:root:comment parameters not defined
WARNING:root:comment parameters not defined
WARNING:root:comment parameters not defined
WARNING:root:comment parameters not defined
WARNING:root:comment parameters not defined
WARNING:root:comment parameters not defined
WARNING:root:comment parameters not defined
WARNING:root:comment parameters not defined
WARNING:root:comment parameters not defined
WARNING:root:comment parameters not defined
WARNING:root:comment parameters not defined
WARNING:root:comment parameters not defined
WARNING:root:comment parameters not defined
WARNING:root:comment parameters not defined
WARNING:root:comment parameters not defined
WARNING:root:comment parameters not defined
WARNING:root:comment parameters not defined
WARNING:root:comment parameters not defined
WARNING:root:comment parameters not defined
WARNING:root:comment parameters not defined
WARNING:root:comment parameters not defined
WARNING:root:comment parameters not defined
WARNING:root:comment parameters not defined
WARNING:root:comment parameters not defined
WARNING:root:comment parameters not defined
WARNING:root:comment parameters not defined
WARNING:root:comment parameters not defined
WARNING:root:comment parameters not defined
WARNING:root:comment parameters not defined
WARNING:root:comment parameters not defined
WARNING:root:comment parameters not defined
WARNING:root:comment parameters not defined
WARNING:root:comment parameters not defined
WARNING:root:comment parameters not defined
WARNING:root:comment parameters not defined
WARNING:root:comment parameters not defined
WARNING:root:no data present for this date in the dataset
WARNING:root:no data present for this date in the dataset
WARNING:root:no data present for this date in the dataset
WARNING:root:no data present for this date in the dataset
WARNING:root:no data present for this date in the dataset
WARNING:root:no data present for this date in the dataset
WARNING:root:no data present for this date in the dataset
WARNING:root:no data present for this date in the dataset
WARNING:root:no data present for this date in the dataset
WARNING:root:no data present for this date in the dataset
WARNING:root:no data present for this date in the dataset
WARNING:root:no data present for this date in the dataset
WARNING:root:no data present for this date in the dataset
WARNING:root:no data present for this date in the dataset
WARNING:root:no data present for this date in the dataset
WARNING:root:no data present for this date in the dataset
WARNING:root:no data present for this date in the dataset
WARNING:root:no data present for this date in the dataset
WARNING:root:no data present for this date in the dataset
WARNING:root:no data present for this date in the dataset
WARNING:root:no data present for this date in the dataset
